-- Found ament_cmake: 1.3.11 (/opt/ros/humble/share/ament_cmake/cmake)
-- Found rclcpp: 16.0.11 (/opt/ros/humble/share/rclcpp/cmake)
-- Found rosidl_generator_c: 3.1.6 (/opt/ros/humble/share/rosidl_generator_c/cmake)
-- Found rosidl_adapter: 3.1.6 (/opt/ros/humble/share/rosidl_adapter/cmake)
-- Found rosidl_generator_cpp: 3.1.6 (/opt/ros/humble/share/rosidl_generator_cpp/cmake)
-- Using all available rosidl_typesupport_c: rosidl_typesupport_fastrtps_c;rosidl_typesupport_introspection_c
-- Using all available rosidl_typesupport_cpp: rosidl_typesupport_fastrtps_cpp;rosidl_typesupport_introspection_cpp
-- Found rmw_implementation_cmake: 6.1.2 (/opt/ros/humble/share/rmw_implementation_cmake/cmake)
-- Found rmw_fastrtps_cpp: 6.2.7 (/opt/ros/humble/share/rmw_fastrtps_cpp/cmake)
-- Using RMW implementation 'rmw_fastrtps_cpp' as default
-- Found mavros_msgs: 2.9.0 (/opt/ros/humble/share/mavros_msgs/cmake)
-- Configuring done
-- Generating done
-- Build files have been written to: /home/james/Documents/Iceberg/ModeSwitcher/build/waypoint_counter
[ 50%] [32mBuilding CXX object CMakeFiles/tracker.dir/src/tracker.cpp.o[0m
[01m[K/home/james/Documents/Iceberg/ModeSwitcher/src/tracker.cpp:82:2:[m[K [01;31m[Kerror: [m[Kexpected â€˜[01m[K}[m[Kâ€™ at end of input
   82 | }
      |  [01;31m[K^[m[K
[01m[K/home/james/Documents/Iceberg/ModeSwitcher/src/tracker.cpp:8:1:[m[K [01;36m[Knote: [m[Kto match this â€˜[01m[K{[m[Kâ€™
    8 | [01;36m[K{[m[K
      | [01;36m[K^[m[K
[01m[K/home/james/Documents/Iceberg/ModeSwitcher/src/tracker.cpp:[m[K In constructor â€˜[01m[KWaypointCounter::WaypointCounter(int)[m[Kâ€™:
[01m[K/home/james/Documents/Iceberg/ModeSwitcher/src/tracker.cpp:10:52:[m[K [01;31m[Kerror: [m[Kclass â€˜[01m[KWaypointCounter[m[Kâ€™ does not have any field named â€˜[01m[Ktarget_wp_[m[Kâ€™
   10 |     WaypointCounter(int number) : Node("tracker"), [01;31m[Ktarget_wp_[m[K(number), wp_completed_count_(0)
      |                                                    [01;31m[K^~~~~~~~~~[m[K
[01m[K/home/james/Documents/Iceberg/ModeSwitcher/src/tracker.cpp:10:72:[m[K [01;31m[Kerror: [m[Kclass â€˜[01m[KWaypointCounter[m[Kâ€™ does not have any field named â€˜[01m[Kwp_completed_count_[m[Kâ€™
   10 |     WaypointCounter(int number) : Node("tracker"), target_wp_(number), [01;31m[Kwp_completed_count_[m[K(0)
      |                                                                        [01;31m[K^~~~~~~~~~~~~~~~~~~[m[K
In file included from [01m[K/opt/ros/humble/include/rclcpp/rclcpp/logging.hpp:24[m[K,
                 from [01m[K/opt/ros/humble/include/rclcpp/rclcpp/client.hpp:40[m[K,
                 from [01m[K/opt/ros/humble/include/rclcpp/rclcpp/callback_group.hpp:24[m[K,
                 from [01m[K/opt/ros/humble/include/rclcpp/rclcpp/any_executable.hpp:20[m[K,
                 from [01m[K/opt/ros/humble/include/rclcpp/rclcpp/memory_strategy.hpp:25[m[K,
                 from [01m[K/opt/ros/humble/include/rclcpp/rclcpp/memory_strategies.hpp:18[m[K,
                 from [01m[K/opt/ros/humble/include/rclcpp/rclcpp/executor_options.hpp:20[m[K,
                 from [01m[K/opt/ros/humble/include/rclcpp/rclcpp/executor.hpp:37[m[K,
                 from [01m[K/opt/ros/humble/include/rclcpp/rclcpp/executors/multi_threaded_executor.hpp:25[m[K,
                 from [01m[K/opt/ros/humble/include/rclcpp/rclcpp/executors.hpp:21[m[K,
                 from [01m[K/opt/ros/humble/include/rclcpp/rclcpp/rclcpp.hpp:155[m[K,
                 from [01m[K/home/james/Documents/Iceberg/ModeSwitcher/src/tracker.cpp:1[m[K:
[01m[K/home/james/Documents/Iceberg/ModeSwitcher/src/tracker.cpp:12:64:[m[K [01;31m[Kerror: [m[Kâ€˜[01m[Ktarget_wp_[m[Kâ€™ was not declared in this scope
   12 |         RCLCPP_INFO(this->get_logger(), "Total Waypoints: %d", [01;31m[Ktarget_wp_[m[K);
      |                                                                [01;31m[K^~~~~~~~~~[m[K
[01m[K/home/james/Documents/Iceberg/ModeSwitcher/src/tracker.cpp:15:9:[m[K [01;31m[Kerror: [m[Kâ€˜[01m[Kset_mode_client_[m[Kâ€™ was not declared in this scope
   15 |         [01;31m[Kset_mode_client_[m[K = this->create_client<mavros_msgs::srv::SetMode>("/mavros/set_mode");
      |         [01;31m[K^~~~~~~~~~~~~~~~[m[K
[01m[K/home/james/Documents/Iceberg/ModeSwitcher/src/tracker.cpp:18:9:[m[K [01;31m[Kerror: [m[Kâ€˜[01m[Kwp_reached_sub_[m[Kâ€™ was not declared in this scope
   18 |         [01;31m[Kwp_reached_sub_[m[K = this->create_subscription<mavros_msgs::msg::WaypointReached>(
      |         [01;31m[K^~~~~~~~~~~~~~~[m[K
[01m[K/home/james/Documents/Iceberg/ModeSwitcher/src/tracker.cpp:[m[K In member function â€˜[01m[Kvoid WaypointCounter::wpReachedCallback(mavros_msgs::msg::WaypointReached_<std::allocator<void> >::SharedPtr)[m[Kâ€™:
[01m[K/home/james/Documents/Iceberg/ModeSwitcher/src/tracker.cpp:27:9:[m[K [01;31m[Kerror: [m[Kâ€˜[01m[Kwp_completed_count_[m[Kâ€™ was not declared in this scope
   27 |         [01;31m[Kwp_completed_count_[m[K++; // Increment count on waypoint reached
      |         [01;31m[K^~~~~~~~~~~~~~~~~~~[m[K
[01m[K/home/james/Documents/Iceberg/ModeSwitcher/src/tracker.cpp:32:28:[m[K [01;31m[Kerror: [m[Kâ€˜[01m[Ktarget_wp_[m[Kâ€™ was not declared in this scope
   32 |         if (msg->wp_seq == [01;31m[Ktarget_wp_[m[K)
      |                            [01;31m[K^~~~~~~~~~[m[K
[01m[K/home/james/Documents/Iceberg/ModeSwitcher/src/tracker.cpp:[m[K In member function â€˜[01m[Kvoid WaypointCounter::switchToGuided()[m[Kâ€™:
[01m[K/home/james/Documents/Iceberg/ModeSwitcher/src/tracker.cpp:47:23:[m[K [01;31m[Kerror: [m[Kâ€˜[01m[Kmode_change_client_[m[Kâ€™ was not declared in this scope
   47 |         auto future = [01;31m[Kmode_change_client_[m[K->async_send_request(request,
      |                       [01;31m[K^~~~~~~~~~~~~~~~~~~[m[K
[01m[K/home/james/Documents/Iceberg/ModeSwitcher/src/tracker.cpp:60:9:[m[K [01;35m[Kwarning: [m[Kunused variable â€˜[01m[Ktarget_wp_[m[Kâ€™ [[01;35m[K-Wunused-variable[m[K]
   60 |     int [01;35m[Ktarget_wp_[m[K;  // The input waypoint number to compare against
      |         [01;35m[K^~~~~~~~~~[m[K
[01m[K/home/james/Documents/Iceberg/ModeSwitcher/src/tracker.cpp:61:9:[m[K [01;35m[Kwarning: [m[Kunused variable â€˜[01m[Kwp_completed_count_[m[Kâ€™ [[01;35m[K-Wunused-variable[m[K]
   61 |     int [01;35m[Kwp_completed_count_[m[K;  // Stores the count of waypoints reached
      |         [01;35m[K^~~~~~~~~~~~~~~~~~~[m[K
[01m[K/home/james/Documents/Iceberg/ModeSwitcher/src/tracker.cpp:[m[K At global scope:
[01m[K/home/james/Documents/Iceberg/ModeSwitcher/src/tracker.cpp:82:2:[m[K [01;31m[Kerror: [m[Kexpected unqualified-id at end of input
   82 | }
      |  [01;31m[K^[m[K
gmake[2]: *** [CMakeFiles/tracker.dir/build.make:76: CMakeFiles/tracker.dir/src/tracker.cpp.o] Error 1
gmake[1]: *** [CMakeFiles/Makefile2:137: CMakeFiles/tracker.dir/all] Error 2
gmake: *** [Makefile:146: all] Error 2
